<?xml version="1.0" encoding="UTF-8"?>
<!-- Generated by org.testng.reporters.JUnitXMLReporter -->
<testsuite hostname="ELF-34-LavanyaH" ignored="2" name="Test" tests="1" failures="0" timestamp="10 Jun 2022 12:41:46 GMT" time="0.064" errors="0">
  <testcase name="sports" time="0.02" classname="Advanced_selenium.workingwith_xmlfile"/>
  <testcase name="movies" time="0.0" classname="Advanced_selenium.workingwith_xmlfile">
    <ignored/>
  </testcase> <!-- movies -->
  <testcase name="food" time="0.0" classname="Advanced_selenium.workingwith_xmlfile">
    <ignored/>
  </testcase> <!-- food -->
</testsuite> <!-- Test -->
