<?xml version="1.0" encoding="UTF-8"?>
<testng-results skipped="0" failed="2" ignored="0" total="2" passed="0">
  <reporter-output>
  </reporter-output>
  <suite name="Default suite" duration-ms="75344" started-at="2022-06-15T03:49:03Z" finished-at="2022-06-15T03:50:18Z">
    <groups>
    </groups>
    <test name="Default test" duration-ms="75344" started-at="2022-06-15T03:49:03Z" finished-at="2022-06-15T03:50:18Z">
      <class name="Test_Scripts.Register1TC">
        <test-method status="PASS" signature="openFirefox(java.lang.String)[pri:0, instance:Test_Scripts.Register1TC@4cc0edeb]" name="openFirefox" is-config="true" duration-ms="5115" started-at="2022-06-15T09:19:03Z" finished-at="2022-06-15T09:19:08Z">
          <params>
            <param index="0">
              <value>
                <![CDATA[chrome]]>
              </value>
            </param>
          </params>
          <reporter-output>
          </reporter-output>
        </test-method> <!-- openFirefox -->
        <test-method status="FAIL" signature="TC03(java.lang.String, java.lang.String, java.lang.String, java.lang.String, java.lang.String)[pri:0, instance:Test_Scripts.Register1TC@4cc0edeb]" name="TC03" duration-ms="65758" started-at="2022-06-15T09:19:09Z" data-provider="testdata" finished-at="2022-06-15T09:20:15Z">
          <params>
            <param index="0">
              <value>
                <![CDATA[Lavanya]]>
              </value>
            </param>
            <param index="1">
              <value>
                <![CDATA[H]]>
              </value>
            </param>
            <param index="2">
              <value>
                <![CDATA[hlavanya.ha@gmail.com]]>
              </value>
            </param>
            <param index="3">
              <value>
                <![CDATA[lavanya@h]]>
              </value>
            </param>
            <param index="4">
              <value>
                <![CDATA[lavanya@h]]>
              </value>
            </param>
          </params>
          <exception class="java.lang.NullPointerException">
            <full-stacktrace>
              <![CDATA[java.lang.NullPointerException
	at POm_repository.RegisterPage.femaleGenderButton(RegisterPage.java:23)
	at Test_Scripts.Register1TC.TC03(Register1TC.java:23)
	at sun.reflect.NativeMethodAccessorImpl.invoke0(Native Method)
	at sun.reflect.NativeMethodAccessorImpl.invoke(Unknown Source)
	at sun.reflect.DelegatingMethodAccessorImpl.invoke(Unknown Source)
	at java.lang.reflect.Method.invoke(Unknown Source)
	at org.testng.internal.MethodInvocationHelper.invokeMethod(MethodInvocationHelper.java:108)
	at org.testng.internal.Invoker.invokeMethod(Invoker.java:661)
	at org.testng.internal.Invoker.invokeTestMethod(Invoker.java:869)
	at org.testng.internal.Invoker.invokeTestMethods(Invoker.java:1193)
	at org.testng.internal.TestMethodWorker.invokeTestMethods(TestMethodWorker.java:126)
	at org.testng.internal.TestMethodWorker.run(TestMethodWorker.java:109)
	at org.testng.TestRunner.privateRun(TestRunner.java:744)
	at org.testng.TestRunner.run(TestRunner.java:602)
	at org.testng.SuiteRunner.runTest(SuiteRunner.java:380)
	at org.testng.SuiteRunner.runSequentially(SuiteRunner.java:375)
	at org.testng.SuiteRunner.privateRun(SuiteRunner.java:340)
	at org.testng.SuiteRunner.run(SuiteRunner.java:289)
	at org.testng.SuiteRunnerWorker.runSuite(SuiteRunnerWorker.java:52)
	at org.testng.SuiteRunnerWorker.run(SuiteRunnerWorker.java:86)
	at org.testng.TestNG.runSuitesSequentially(TestNG.java:1301)
	at org.testng.TestNG.runSuitesLocally(TestNG.java:1226)
	at org.testng.TestNG.runSuites(TestNG.java:1144)
	at org.testng.TestNG.run(TestNG.java:1115)
	at org.testng.remote.AbstractRemoteTestNG.run(AbstractRemoteTestNG.java:132)
	at org.testng.remote.RemoteTestNG.initAndRun(RemoteTestNG.java:230)
	at org.testng.remote.RemoteTestNG.main(RemoteTestNG.java:76)
]]>
            </full-stacktrace>
          </exception> <!-- java.lang.NullPointerException -->
          <reporter-output>
          </reporter-output>
        </test-method> <!-- TC03 -->
        <test-method status="FAIL" signature="TC03(java.lang.String, java.lang.String, java.lang.String, java.lang.String, java.lang.String)[pri:0, instance:Test_Scripts.Register1TC@4cc0edeb]" name="TC03" duration-ms="3189" started-at="2022-06-15T09:20:15Z" data-provider="testdata" finished-at="2022-06-15T09:20:18Z">
          <params>
            <param index="0">
              <value>
                <![CDATA[Chaitra]]>
              </value>
            </param>
            <param index="1">
              <value>
                <![CDATA[P M]]>
              </value>
            </param>
            <param index="2">
              <value>
                <![CDATA[chaitrapmdvg12@gmail.com]]>
              </value>
            </param>
            <param index="3">
              <value>
                <![CDATA[chaitra@pm]]>
              </value>
            </param>
            <param index="4">
              <value>
                <![CDATA[chaitra@pm]]>
              </value>
            </param>
          </params>
          <exception class="java.lang.NullPointerException">
            <full-stacktrace>
              <![CDATA[java.lang.NullPointerException
	at POm_repository.RegisterPage.femaleGenderButton(RegisterPage.java:23)
	at Test_Scripts.Register1TC.TC03(Register1TC.java:23)
	at sun.reflect.NativeMethodAccessorImpl.invoke0(Native Method)
	at sun.reflect.NativeMethodAccessorImpl.invoke(Unknown Source)
	at sun.reflect.DelegatingMethodAccessorImpl.invoke(Unknown Source)
	at java.lang.reflect.Method.invoke(Unknown Source)
	at org.testng.internal.MethodInvocationHelper.invokeMethod(MethodInvocationHelper.java:108)
	at org.testng.internal.Invoker.invokeMethod(Invoker.java:661)
	at org.testng.internal.Invoker.invokeTestMethod(Invoker.java:869)
	at org.testng.internal.Invoker.invokeTestMethods(Invoker.java:1193)
	at org.testng.internal.TestMethodWorker.invokeTestMethods(TestMethodWorker.java:126)
	at org.testng.internal.TestMethodWorker.run(TestMethodWorker.java:109)
	at org.testng.TestRunner.privateRun(TestRunner.java:744)
	at org.testng.TestRunner.run(TestRunner.java:602)
	at org.testng.SuiteRunner.runTest(SuiteRunner.java:380)
	at org.testng.SuiteRunner.runSequentially(SuiteRunner.java:375)
	at org.testng.SuiteRunner.privateRun(SuiteRunner.java:340)
	at org.testng.SuiteRunner.run(SuiteRunner.java:289)
	at org.testng.SuiteRunnerWorker.runSuite(SuiteRunnerWorker.java:52)
	at org.testng.SuiteRunnerWorker.run(SuiteRunnerWorker.java:86)
	at org.testng.TestNG.runSuitesSequentially(TestNG.java:1301)
	at org.testng.TestNG.runSuitesLocally(TestNG.java:1226)
	at org.testng.TestNG.runSuites(TestNG.java:1144)
	at org.testng.TestNG.run(TestNG.java:1115)
	at org.testng.remote.AbstractRemoteTestNG.run(AbstractRemoteTestNG.java:132)
	at org.testng.remote.RemoteTestNG.initAndRun(RemoteTestNG.java:230)
	at org.testng.remote.RemoteTestNG.main(RemoteTestNG.java:76)
]]>
            </full-stacktrace>
          </exception> <!-- java.lang.NullPointerException -->
          <reporter-output>
          </reporter-output>
        </test-method> <!-- TC03 -->
        <test-method status="PASS" signature="closeFirefox()[pri:0, instance:Test_Scripts.Register1TC@4cc0edeb]" name="closeFirefox" is-config="true" duration-ms="101" started-at="2022-06-15T09:20:18Z" finished-at="2022-06-15T09:20:18Z">
          <reporter-output>
          </reporter-output>
        </test-method> <!-- closeFirefox -->
      </class> <!-- Test_Scripts.Register1TC -->
    </test> <!-- Default test -->
  </suite> <!-- Default suite -->
</testng-results>
